<?xml version="1.0" encoding="UTF-8"?>
<testng-results ignored="0" total="1" passed="1" failed="0" skipped="0">
  <reporter-output>
    <line>
      <![CDATA[Home Page is Displayed]]>
    </line>
    <line>
      <![CDATA[Login page is displayed]]>
    </line>
    <line>
      <![CDATA[Home Page is Displayed]]>
    </line>
  </reporter-output>
  <suite started-at="2024-07-14T17:44:59 IST" name="Suite" finished-at="2024-07-14T17:45:31 IST" duration-ms="32066">
    <groups>
      <group name="System">
        <method signature="TC003_VerifyUserIsAbleToAddProductToWishlist.addToWishList()[pri:0, instance:com.demowebshop.testscripts.TC003_VerifyUserIsAbleToAddProductToWishlist@3427b02d]" name="addToWishList" class="com.demowebshop.testscripts.TC003_VerifyUserIsAbleToAddProductToWishlist"/>
      </group> <!-- System -->
    </groups>
    <test started-at="2024-07-14T17:44:59 IST" name="Test" finished-at="2024-07-14T17:45:31 IST" duration-ms="32066">
      <class name="com.demowebshop.testscripts.TC003_VerifyUserIsAbleToAddProductToWishlist">
        <test-method is-config="true" signature="launchBrowser(java.lang.String)[pri:0, instance:com.demowebshop.testscripts.TC003_VerifyUserIsAbleToAddProductToWishlist@3427b02d]" started-at="2024-07-14T17:44:59 IST" name="launchBrowser" finished-at="2024-07-14T17:45:04 IST" duration-ms="4998" status="PASS">
          <params>
            <param index="0">
              <value>
                <![CDATA[Chrome]]>
              </value>
            </param>
          </params>
          <reporter-output>
            <line>
              <![CDATA[Home Page is Displayed]]>
            </line>
          </reporter-output>
        </test-method> <!-- launchBrowser -->
        <test-method is-config="true" signature="login()[pri:0, instance:com.demowebshop.testscripts.TC003_VerifyUserIsAbleToAddProductToWishlist@3427b02d]" started-at="2024-07-14T17:45:04 IST" name="login" finished-at="2024-07-14T17:45:06 IST" duration-ms="1377" status="PASS">
          <reporter-output>
            <line>
              <![CDATA[Login page is displayed]]>
            </line>
            <line>
              <![CDATA[Home Page is Displayed]]>
            </line>
          </reporter-output>
        </test-method> <!-- login -->
        <test-method signature="addToWishList()[pri:0, instance:com.demowebshop.testscripts.TC003_VerifyUserIsAbleToAddProductToWishlist@3427b02d]" started-at="2024-07-14T17:45:06 IST" name="addToWishList" finished-at="2024-07-14T17:45:29 IST" duration-ms="23720" status="PASS">
          <reporter-output>
          </reporter-output>
        </test-method> <!-- addToWishList -->
        <test-method is-config="true" signature="logout()[pri:0, instance:com.demowebshop.testscripts.TC003_VerifyUserIsAbleToAddProductToWishlist@3427b02d]" started-at="2024-07-14T17:45:29 IST" name="logout" finished-at="2024-07-14T17:45:31 IST" duration-ms="1734" status="PASS">
          <reporter-output>
          </reporter-output>
        </test-method> <!-- logout -->
        <test-method is-config="true" signature="closeBrowser()[pri:0, instance:com.demowebshop.testscripts.TC003_VerifyUserIsAbleToAddProductToWishlist@3427b02d]" started-at="2024-07-14T17:45:31 IST" name="closeBrowser" finished-at="2024-07-14T17:45:31 IST" duration-ms="189" status="PASS">
          <reporter-output>
          </reporter-output>
        </test-method> <!-- closeBrowser -->
      </class> <!-- com.demowebshop.testscripts.TC003_VerifyUserIsAbleToAddProductToWishlist -->
    </test> <!-- Test -->
  </suite> <!-- Suite -->
</testng-results>
