<?xml version="1.0" encoding="UTF-8"?>
<testng-results ignored="0" total="2" passed="2" failed="0" skipped="0">
  <reporter-output>
  </reporter-output>
  <suite started-at="2025-06-24T01:16:18 IST" name="Default suite" finished-at="2025-06-24T01:16:18 IST" duration-ms="268">
    <groups>
    </groups>
    <test started-at="2025-06-24T01:16:18 IST" name="Default test" finished-at="2025-06-24T01:16:18 IST" duration-ms="268">
      <class name="com.demowebshop.testscripts.Demo">
        <test-method signature="name(com.fasterxml.jackson.databind.JsonNode)[pri:0, instance:com.demowebshop.testscripts.Demo@1a677343]" started-at="2025-06-24T01:16:18 IST" name="name" data-provider="data" finished-at="2025-06-24T01:16:18 IST" duration-ms="21" status="PASS">
          <params>
            <param index="0">
              <value>
                <![CDATA[{"username":"user1","password":"pass1","fullName":"John Doe","email":"john@example.com","language":{"en":"ab","xn":"yz"},"notifications":true}]]>
              </value>
            </param>
          </params>
          <reporter-output>
          </reporter-output>
        </test-method> <!-- name -->
        <test-method signature="name(com.fasterxml.jackson.databind.JsonNode)[pri:0, instance:com.demowebshop.testscripts.Demo@1a677343]" started-at="2025-06-24T01:16:18 IST" name="name" data-provider="data" finished-at="2025-06-24T01:16:18 IST" duration-ms="2" status="PASS">
          <params>
            <param index="0">
              <value>
                <![CDATA[{"username":"user1","password":"pass1","fullName":"SMith Doe","email":"john@example.com","language":{"en":"ab","xn":"yz"},"notifications":true}]]>
              </value>
            </param>
          </params>
          <reporter-output>
          </reporter-output>
        </test-method> <!-- name -->
      </class> <!-- com.demowebshop.testscripts.Demo -->
    </test> <!-- Default test -->
  </suite> <!-- Default suite -->
</testng-results>
